(---------------------------------------------------------------------)
(                                                                     )
(    NC DRILL Log                                                     )
(                                                                     )
(    Drawing          : LED5.brd                                      )
(    Software Version : 17.2059                                       )
(    Date/Time        : Sat Dec 05 19:38:56 2020                      )
(                                                                     )
(---------------------------------------------------------------------)



 Processing NC Parameters file 'nc_param.txt' ...

 NC PARAMETERS
 -------------

 FORMAT   		2.5
 MACHINE-OFFSET		x:0.00000	y:0.00000   (inch)
 FEEDRATE		1
 COORDINATES		ABSOLUTE
 OUTPUT-UNITS		ENGLISH
 TOOL-ORDER		INCREASING
 REPEAT-CODES		NO
 SUPPRESS-LEAD-ZEROES	YES
 SUPPRESS-TRAIL-ZEROES	NO
 SUPPRESS-EQUAL		NO
 TOOL-SELECT		YES
 HEADER			none
 LEADER			12
 CODE			ASCII
 SEPARATE		NO
 SEPARATE-ROUTING	NO
 OPTIMIZE_DRILLING	YES
 ENHANCED_EXCELLON	YES
 SCALE			1.000000

 WARNING(SPMHMF-358): Design precision is the same as that of the drill output file data.
 WARNING(SPMHMF-359): Data rounding errors may still be possible.
 WARNING(SPMHMF-368): Cannot find NC Drill tool file 'nc_tools.txt'
 WARNING(SPMHMF-369): ... will auto-generate tool file 'nc_tools_auto.txt'.


     Auto-generating tool file 'nc_tools_auto.txt' ...

           Size  Plating  Tool        + Tolerance  - Tolerance

          31.00  P        T01            0.000000     0.000000
          36.00  P        T02            0.000000     0.000000
          42.00  P        T03            0.000000     0.000000


Drill files being output to directory 'C:/USERS/JUSTIN/DOCUMENTS/WORKSPACE/ORCAD_PROJECT/LED5/allegro' ...



     'LED5-1-2.drl' created for holes connecting TOP and BOTTOM
     ----------------------------------------------------------

     Tool  Num     Size      +/- Tolerance     Plating   Quantity

     T01    1.  31.0000    0.0000/  0.0000      PLATED          2
     T02    2.  36.0000    0.0000/  0.0000      PLATED          2
     T03    3.  42.0000    0.0000/  0.0000      PLATED          2

     ---- Total holes:                                          6

     ---- Total head travel:              0.22 feet (0.07 meters)

