(---------------------------------------------------------------------)
(                                                                     )
(    Allegro Netrev Import Logic                                      )
(                                                                     )
(    Drawing          : 4BITCOUNTER.brd                               )
(    Software Version : 16.5S025                                      )
(    Date/Time        : Mon Oct 26 16:21:40 2020                      )
(                                                                     )
(---------------------------------------------------------------------)


------ Directives ------

RIPUP_ETCH FALSE;
RIPUP_DELETE_FIRST_SEGMENT FALSE;
RIPUP_RETAIN_BONDWIRE FALSE;
RIPUP_SYMBOLS ALWAYS;
Missing symbol has error FALSE;
SCHEMATIC_DIRECTORY 'C:\USERS\JUSTIN\DOCUMENTS\ORCAD_SPACE\4BITCOUNTER\4BIT';
BOARD_DIRECTORY 'C:/USERS/JUSTIN/DOCUMENTS/ORCAD_SPACE/4BITCOUNTER/allegro';
OLD_BOARD_NAME 'C:/USERS/JUSTIN/DOCUMENTS/ORCAD_SPACE/4BITCOUNTER/allegro/4BITCOUNTER.brd';
NEW_BOARD_NAME 'C:/USERS/JUSTIN/DOCUMENTS/ORCAD_SPACE/4BITCOUNTER/allegro/4BITCOUNTER.brd';

CmdLine: netrev.exe -5 -y 1 -n -i C:\USERS\JUSTIN\DOCUMENTS\ORCAD_SPACE\4BITCOUNTER\4BIT C:\USERS\JUSTIN\DOCUMENTS\ORCAD_SPACE\4BITCOUNTER\allegro\4BITCOUNTER.brd C:\USERS\JUSTIN\DOCUMENTS\ORCAD_SPACE\4BITCOUNTER\allegro\4BITCOUNTER.brd

------ Preparing to read pst files ------

Starting to read C:/USERS/JUSTIN/DOCUMENTS/ORCAD_SPACE/4BITCOUNTER/4BIT/pstchip.dat 
   Finished reading C:/USERS/JUSTIN/DOCUMENTS/ORCAD_SPACE/4BITCOUNTER/4BIT/pstchip.dat (00:00:00.09)
Starting to read C:/USERS/JUSTIN/DOCUMENTS/ORCAD_SPACE/4BITCOUNTER/4BIT/pstxprt.dat 
   Finished reading C:/USERS/JUSTIN/DOCUMENTS/ORCAD_SPACE/4BITCOUNTER/4BIT/pstxprt.dat (00:00:00.00)
Starting to read C:/USERS/JUSTIN/DOCUMENTS/ORCAD_SPACE/4BITCOUNTER/4BIT/pstxnet.dat 
   Finished reading C:/USERS/JUSTIN/DOCUMENTS/ORCAD_SPACE/4BITCOUNTER/4BIT/pstxnet.dat (00:00:00.00)

------ Oversights/Warnings/Errors ------


------ Library Paths ------
MODULEPATH =  . 
           C:/Cadence/SPB_16.5/share/local/pcb/modules 

PSMPATH =  . 
           symbols 
           .. 
           ../symbols 
           C:/Cadence/SPB_16.5/share/local/pcb/symbols 
           C:/Cadence/SPB_16.5/share/pcb/pcb_lib/symbols 
           C:/Cadence/SPB_16.5/share/pcb/allegrolib/symbols 

PADPATH =  . 
           symbols 
           .. 
           ../symbols 
           C:/Cadence/SPB_16.5/share/local/pcb/padstacks 
           C:/Cadence/SPB_16.5/share/pcb/pcb_lib/symbols 
           C:/Cadence/SPB_16.5/share/pcb/allegrolib/symbols 


------ Summary Statistics ------


netrev run on Oct 26 16:21:40 2020
   DESIGN NAME : '4BITCOUNTER'
   PACKAGING ON Mar 26 2012 19:10:13

   COMPILE 'logic'
   CHECK_PIN_NAMES OFF
   CROSS_REFERENCE OFF
   FEEDBACK OFF
   INCREMENTAL OFF
   INTERFACE_TYPE PHYSICAL
   MAX_ERRORS 500
   MERGE_MINIMUM 5
   NET_NAME_CHARS '#%&()*+-./:=>?@[]^_`|'
   NET_NAME_LENGTH 24
   OVERSIGHTS ON
   REPLACE_CHECK OFF
   SINGLE_NODE_NETS ON
   SPLIT_MINIMUM 0
   SUPPRESS   20
   WARNINGS ON

 No error detected
 No oversight detected
 No warning detected

cpu time      0:01:18
elapsed time  0:00:00

