(---------------------------------------------------------------------)
(                                                                     )
(    Allegro Netrev Import Logic                                      )
(                                                                     )
(    Drawing          : 20210121.brd                                  )
(    Software Version : 17.2060                                       )
(    Date/Time        : Thu Jan 21 14:47:17 2021                      )
(                                                                     )
(---------------------------------------------------------------------)


------ Directives ------------

Ripup etch:                  No
Ripup delete first segment:  No
Ripup retain bondwire:       No
Ripup symbols:               Always
Missing symbol has error:    No
DRC update:                  Yes
Schematic directory:         'C:\Users\justin\Documents\workspace\orcad_project\74123\allegro'
Design Directory:            'C:/Users/justin/Documents/workspace/orcad_project/74123/allegro'
Old design name:             'C:/Users/justin/Documents/workspace/orcad_project/74123/allegro/20210121.brd'
New design name:             'C:/Users/justin/Documents/workspace/orcad_project/74123/allegro/20210121.brd'

CmdLine: netrev.exe -y 1 -i C:\Users\justin\Documents\workspace\orcad_project\74123\allegro C:\Users\justin\Documents\workspace\orcad_project\74123\allegro\20210121.brd C:\Users\justin\Documents\workspace\orcad_project\74123\allegro\20210121.brd

------ Preparing to read pst files ------

Starting to read C:/Users/justin/Documents/workspace/orcad_project/74123/allegro/pstchip.dat 
   Finished reading C:/Users/justin/Documents/workspace/orcad_project/74123/allegro/pstchip.dat (00:00:00.13)
Starting to read C:/Users/justin/Documents/workspace/orcad_project/74123/allegro/pstxprt.dat 
   Finished reading C:/Users/justin/Documents/workspace/orcad_project/74123/allegro/pstxprt.dat (00:00:00.00)
Starting to read C:/Users/justin/Documents/workspace/orcad_project/74123/allegro/pstxnet.dat 
   Finished reading C:/Users/justin/Documents/workspace/orcad_project/74123/allegro/pstxnet.dat (00:00:00.00)

------ Oversights/Warnings/Errors ------


------ Library Paths ------
MODULEPATH =  . 
           C:/Cadence/SPB_17.2/share/local/pcb/modules 

PSMPATH =  . 
           symbols 
           .. 
           ../symbols 
           C:/Cadence/SPB_17.2/share/local/pcb/symbols 
           C:/Cadence/SPB_17.2/share/pcb/pcb_lib/symbols 
           C:/Cadence/SPB_17.2/share/pcb/allegrolib/symbols 

PADPATH =  . 
           symbols 
           .. 
           ../symbols 
           C:/Cadence/SPB_17.2/share/local/pcb/padstacks 
           C:/Cadence/SPB_17.2/share/pcb/pcb_lib/symbols 
           C:/Cadence/SPB_17.2/share/pcb/allegrolib/symbols 


------ Summary Statistics ------


netrev run on Jan 21 14:47:17 2021
   DESIGN NAME : '20210121'
   PACKAGING ON Oct  1 2019 16:13:27

   COMPILE 'logic'
   CHECK_PIN_NAMES OFF
   CROSS_REFERENCE OFF
   FEEDBACK OFF
   INCREMENTAL OFF
   INTERFACE_TYPE PHYSICAL
   MAX_ERRORS 500
   MERGE_MINIMUM 5
   NET_NAME_CHARS '#%&()*+-./:=>?@[]^_`|'
   NET_NAME_LENGTH 24
   OVERSIGHTS ON
   REPLACE_CHECK OFF
   SINGLE_NODE_NETS ON
   SPLIT_MINIMUM 0
   SUPPRESS   20
   WARNINGS ON

 No error detected
 No oversight detected
 No warning detected

cpu time      0:03:22
elapsed time  0:00:02

