(---------------------------------------------------------------------)
(                                                                     )
(    NC DRILL Log                                                     )
(                                                                     )
(    Drawing          : RING_COUNTER.brd                              )
(    Software Version : 17.2060                                       )
(    Date/Time        : Thu Jan 28 11:38:42 2021                      )
(                                                                     )
(---------------------------------------------------------------------)



 Processing NC Parameters file 'nc_param.txt' ...

 NC PARAMETERS
 -------------

 FORMAT   		5.5
 MACHINE-OFFSET		x:0.00000	y:0.00000   (mm)
 FEEDRATE		1
 COORDINATES		ABSOLUTE
 OUTPUT-UNITS		METRIC
 TOOL-ORDER		INCREASING
 REPEAT-CODES		YES
 SUPPRESS-LEAD-ZEROES	YES
 SUPPRESS-TRAIL-ZEROES	NO
 SUPPRESS-EQUAL		YES
 TOOL-SELECT		NO
 HEADER			none
 LEADER			12
 CODE			ASCII
 SEPARATE		NO
 SEPARATE-ROUTING	NO
 OPTIMIZE_DRILLING	NO
 ENHANCED_EXCELLON	NO
 SCALE			1.000000



 Drill files being output to directory 'C:/USERS/JUSTIN/DOCUMENTS/WORKSPACE/ORCAD_PROJECT/RING_COUNTER/allegro' ...



     'RING_COUNTER-1-2.drl' created for holes connecting TOP and BOTTOM
     ------------------------------------------------------------------

           Num     Size      +/- Tolerance     Plating   Quantity

            1.   0.3302    0.0000/  0.0000      PLATED          7
            2.   0.9144    0.0000/  0.0000      PLATED         54
            3.   1.0668    0.0000/  0.0000      PLATED         22
            4.   3.1750    0.0000/  0.0000  NON_PLATED          4

     ---- Total holes:                                         87

     ---- Total head travel:              4.36 feet (1.33 meters)

