(---------------------------------------------------------------------)
(                                                                     )
(    Allegro Netrev Import Logic                                      )
(                                                                     )
(    Drawing          : RING_COUNTER.brd                              )
(    Software Version : 17.2060                                       )
(    Date/Time        : Thu Jan 28 10:15:45 2021                      )
(                                                                     )
(---------------------------------------------------------------------)


------ Directives ------------

Ripup etch:                  No
Ripup delete first segment:  No
Ripup retain bondwire:       No
Ripup symbols:               Always
Missing symbol has error:    No
DRC update:                  Yes
Schematic directory:         'C:\USERS\JUSTIN\DOCUMENTS\WORKSPACE\ORCAD_PROJECT\RING_COUNTER\allegro'
Design Directory:            'C:/USERS/JUSTIN/DOCUMENTS/WORKSPACE/ORCAD_PROJECT/RING_COUNTER/allegro'
Old design name:             'C:/USERS/JUSTIN/DOCUMENTS/WORKSPACE/ORCAD_PROJECT/RING_COUNTER/allegro/RING_COUNTER.brd'
New design name:             'C:/USERS/JUSTIN/DOCUMENTS/WORKSPACE/ORCAD_PROJECT/RING_COUNTER/allegro/RING_COUNTER.brd'

CmdLine: netrev.exe -y 1 -n -i C:\USERS\JUSTIN\DOCUMENTS\WORKSPACE\ORCAD_PROJECT\RING_COUNTER\allegro C:\USERS\JUSTIN\DOCUMENTS\WORKSPACE\ORCAD_PROJECT\RING_COUNTER\allegro\RING_COUNTER.brd C:\USERS\JUSTIN\DOCUMENTS\WORKSPACE\ORCAD_PROJECT\RING_COUNTER\allegro\RING_COUNTER.brd

------ Preparing to read pst files ------

Starting to read C:/USERS/JUSTIN/DOCUMENTS/WORKSPACE/ORCAD_PROJECT/RING_COUNTER/allegro/pstchip.dat 
   Finished reading C:/USERS/JUSTIN/DOCUMENTS/WORKSPACE/ORCAD_PROJECT/RING_COUNTER/allegro/pstchip.dat (00:00:00.05)
Starting to read C:/USERS/JUSTIN/DOCUMENTS/WORKSPACE/ORCAD_PROJECT/RING_COUNTER/allegro/pstxprt.dat 
   Finished reading C:/USERS/JUSTIN/DOCUMENTS/WORKSPACE/ORCAD_PROJECT/RING_COUNTER/allegro/pstxprt.dat (00:00:00.00)
Starting to read C:/USERS/JUSTIN/DOCUMENTS/WORKSPACE/ORCAD_PROJECT/RING_COUNTER/allegro/pstxnet.dat 
   Finished reading C:/USERS/JUSTIN/DOCUMENTS/WORKSPACE/ORCAD_PROJECT/RING_COUNTER/allegro/pstxnet.dat (00:00:00.00)

------ Oversights/Warnings/Errors ------


------ Library Paths ------
MODULEPATH =  . 
           c:/cadence/spb_17.2/share/local/pcb/modules 

PSMPATH =  . 
           symbols 
           .. 
           ../symbols 
           c:/cadence/spb_17.2/share/local/pcb/symbols 
           c:/cadence/spb_17.2/share/pcb/pcb_lib/symbols 
           c:/cadence/spb_17.2/share/pcb/allegrolib/symbols 

PADPATH =  . 
           symbols 
           .. 
           ../symbols 
           c:/cadence/spb_17.2/share/local/pcb/padstacks 
           c:/cadence/spb_17.2/share/pcb/pcb_lib/symbols 
           c:/cadence/spb_17.2/share/pcb/allegrolib/symbols 


------ Summary Statistics ------


netrev run on Jan 28 10:15:45 2021
   DESIGN NAME : 'RING_COUNTER'
   PACKAGING ON Oct  1 2019 16:13:27

   COMPILE 'logic'
   CHECK_PIN_NAMES OFF
   CROSS_REFERENCE OFF
   FEEDBACK OFF
   INCREMENTAL OFF
   INTERFACE_TYPE PHYSICAL
   MAX_ERRORS 500
   MERGE_MINIMUM 5
   NET_NAME_CHARS '#%&()*+-./:=>?@[]^_`|'
   NET_NAME_LENGTH 24
   OVERSIGHTS ON
   REPLACE_CHECK OFF
   SINGLE_NODE_NETS ON
   SPLIT_MINIMUM 0
   SUPPRESS   20
   WARNINGS ON

 No error detected
 No oversight detected
 No warning detected

cpu time      0:02:34
elapsed time  0:00:01

