(---------------------------------------------------------------------)
(                                                                     )
(    ARTWORK LOG                                                      )
(                                                                     )
(    Drawing          : RING_COUNTER.brd                              )
(    Software Version : 17.2060                                       )
(    Date/Time        : Thu Jan 28 12:04:32 2021                      )
(                                                                     )
(---------------------------------------------------------------------)



 ******************************************
 WARNING: DRC OUT OF DATE on this layout.
 ******************************************

 ---- Photoplot outline rectangle not found; using drawing extents.



Results from parameter file ...
    DEVICE-TYPE           GERBER_RS274X
    OUTPUT-UNITS          MM
    FILM-SIZE             2400000 1600000
    FORMAT                5.5
    ABORT-ON-ERROR        NO
    SCALE                 1
    SUPPRESS-LEAD-ZEROES  YES
    SUPPRESS-TRAIL-ZEROES NO
    SUPPRESS-EQUAL        YES
    UNDEF-APT-CONT        NO



================================================================
     PROCESSING FILM < TOP >
     TO FILE < C:/USERS/JUSTIN/DOCUMENTS/WORKSPACE/ORCAD_PROJECT/RING_COUNTER/allegro/TOP.art > ...
================================================================

  FILM PARAMETERS :
  ---------------------------------------------------------
  Undefined line width                0.0000
  Mirror code                         NONE
  Rotate angle                        NONE
  Offset x:                           0.0000
  Offset y:                           0.0000
  Plot negative                       NO
  Suppress unconnected internal pads  NO
  Draw holes only                     NO

    WARNING: 0 width line found at (2.5000 5.0000)
           ... ignored.

    WARNING: Multiple 0 width lines; all will be treated the same as the first.
           ... ignored.

    WARNING: text composed 0 width line found at (-6.8803 51.3650)
           ... ignored.

    WARNING: rectangle or unfilled shape composed 0 width line found at (0.0000 0.0000)
           ... ignored.

    WARNING: text having Multiple 0 width lines; all will be treated the same as the first.
           ... ignored.



  APERTURES USED:
  ---------------------------------------------------------
  TYPE       SIZE/NAME                   ROT   MIRROR MODE 
  ---------------------------------------------------------
  CIRCLE     0.50000                                  DARK 
  CIRCLE     0.60960                                  DARK 
  CIRCLE     0.63500                                  DARK 
  CIRCLE     1.00000                                  DARK 
  CIRCLE     1.52400                                  DARK 
  CIRCLE     1.65100                                  DARK 
  SQUARE     1.52400                     0.000 NO     DARK 

     TOP created with warnings


================================================================
     PROCESSING FILM < BOTTOM >
     TO FILE < C:/USERS/JUSTIN/DOCUMENTS/WORKSPACE/ORCAD_PROJECT/RING_COUNTER/allegro/BOTTOM.art > ...
================================================================

  FILM PARAMETERS :
  ---------------------------------------------------------
  Undefined line width                0.0000
  Mirror code                         NONE
  Rotate angle                        NONE
  Offset x:                           0.0000
  Offset y:                           0.0000
  Plot negative                       NO
  Suppress unconnected internal pads  NO
  Draw holes only                     NO



  APERTURES USED:
  ---------------------------------------------------------
  TYPE       SIZE/NAME                   ROT   MIRROR MODE 
  ---------------------------------------------------------
  CIRCLE     0.50000                                  DARK 
  CIRCLE     0.60960                                  DARK 
  CIRCLE     0.63500                                  DARK 
  CIRCLE     1.52400                                  DARK 
  CIRCLE     1.65100                                  DARK 
  SQUARE     1.52400                     0.000 NO     DARK 

     BOTTOM created with warnings


================================================================
     PROCESSING FILM < Soldermask_Bottom >
     TO FILE < C:/USERS/JUSTIN/DOCUMENTS/WORKSPACE/ORCAD_PROJECT/RING_COUNTER/allegro/Soldermask_Bottom.art > ...
================================================================

  FILM PARAMETERS :
  ---------------------------------------------------------
  Undefined line width                0.0000
  Mirror code                         NONE
  Rotate angle                        NONE
  Offset x:                           0.0000
  Offset y:                           0.0000
  Plot negative                       NO
  Suppress unconnected internal pads  NO
  Draw holes only                     NO

    WARNING: rectangle or unfilled shape having Multiple 0 width lines; all will be treated the same as the first.
           ... ignored.



  APERTURES USED:
  ---------------------------------------------------------
  TYPE       SIZE/NAME                   ROT   MIRROR MODE 
  ---------------------------------------------------------
  CIRCLE     1.90500                                  DARK 
  CIRCLE     2.03200                                  DARK 
  CIRCLE     3.68300                                  DARK 
  SQUARE     1.90500                     0.000 NO     DARK 

     Soldermask_Bottom created with warnings


================================================================
     PROCESSING FILM < Soldermask_Top >
     TO FILE < C:/USERS/JUSTIN/DOCUMENTS/WORKSPACE/ORCAD_PROJECT/RING_COUNTER/allegro/Soldermask_Top.art > ...
================================================================

  FILM PARAMETERS :
  ---------------------------------------------------------
  Undefined line width                0.0000
  Mirror code                         NONE
  Rotate angle                        NONE
  Offset x:                           0.0000
  Offset y:                           0.0000
  Plot negative                       NO
  Suppress unconnected internal pads  NO
  Draw holes only                     NO



  APERTURES USED:
  ---------------------------------------------------------
  TYPE       SIZE/NAME                   ROT   MIRROR MODE 
  ---------------------------------------------------------
  CIRCLE     1.90500                                  DARK 
  CIRCLE     2.03200                                  DARK 
  CIRCLE     3.68300                                  DARK 
  SQUARE     1.90500                     0.000 NO     DARK 

     Soldermask_Top created with warnings


================================================================
     PROCESSING FILM < Silkscreen_Top >
     TO FILE < C:/USERS/JUSTIN/DOCUMENTS/WORKSPACE/ORCAD_PROJECT/RING_COUNTER/allegro/Silkscreen_Top.art > ...
================================================================

  FILM PARAMETERS :
  ---------------------------------------------------------
  Undefined line width                0.1000
  Mirror code                         NONE
  Rotate angle                        NONE
  Offset x:                           0.0000
  Offset y:                           0.0000
  Plot negative                       NO
  Suppress unconnected internal pads  NO
  Draw holes only                     NO



  APERTURES USED:
  ---------------------------------------------------------
  TYPE       SIZE/NAME                   ROT   MIRROR MODE 
  ---------------------------------------------------------
  CIRCLE     0.10000                                  DARK 

     Silkscreen_Top created with warnings


================================================================
     PROCESSING FILM < Drill_drawing >
     TO FILE < C:/USERS/JUSTIN/DOCUMENTS/WORKSPACE/ORCAD_PROJECT/RING_COUNTER/allegro/Drill_drawing.art > ...
================================================================

  FILM PARAMETERS :
  ---------------------------------------------------------
  Undefined line width                0.1000
  Mirror code                         NONE
  Rotate angle                        NONE
  Offset x:                           0.0000
  Offset y:                           0.0000
  Plot negative                       NO
  Suppress unconnected internal pads  NO
  Draw holes only                     NO



  APERTURES USED:
  ---------------------------------------------------------
  TYPE       SIZE/NAME                   ROT   MIRROR MODE 
  ---------------------------------------------------------
  CIRCLE     0.10000                                  DARK 

     Drill_drawing created with warnings


------------------------------------------------------
 SUMMARY:
        TOP created with warnings
        BOTTOM created with warnings
        Soldermask_Bottom created with warnings
        Soldermask_Top created with warnings
        Silkscreen_Top created with warnings
        Drill_drawing created with warnings

 ARTWORK had warnings
