(---------------------------------------------------------------------)
(                                                                     )
(    NC DRILL Log                                                     )
(                                                                     )
(    Drawing          : 210112.brd                                    )
(    Software Version : 17.2P019                                      )
(    Date/Time        : Tue Jan 19 15:53:50 2021                      )
(                                                                     )
(---------------------------------------------------------------------)



 Processing NC Parameters file 'nc_param.txt' ...

 NC PARAMETERS
 -------------

 FORMAT   		5.5
 MACHINE-OFFSET		x:0.00000	y:0.00000   (mm)
 FEEDRATE		1
 COORDINATES		ABSOLUTE
 OUTPUT-UNITS		METRIC
 TOOL-ORDER		INCREASING
 REPEAT-CODES		YES
 SUPPRESS-LEAD-ZEROES	YES
 SUPPRESS-TRAIL-ZEROES	NO
 SUPPRESS-EQUAL		YES
 TOOL-SELECT		NO
 HEADER			none
 LEADER			12
 CODE			ASCII
 SEPARATE		NO
 SEPARATE-ROUTING	NO
 OPTIMIZE_DRILLING	NO
 ENHANCED_EXCELLON	NO
 SCALE			1.000000



 Drill files being output to directory 'C:/Users/PROCESSOR/Desktop/Justin/orcad_project/ORCAD_iot/allegro' ...



     '210112-1-2.drl' created for holes connecting TOP and BOTTOM
     ------------------------------------------------------------

           Num     Size      +/- Tolerance     Plating   Quantity

            1.   0.9144    0.0000/  0.0000      PLATED         21
            2.   1.0668    0.0000/  0.0000      PLATED          8
            3.   3.1750    0.0000/  0.0000  NON_PLATED          4

     ---- Total holes:                                         33

     ---- Total head travel:              1.49 feet (0.45 meters)

