(---------------------------------------------------------------------)
(                                                                     )
(    PLACEMENT LOG                                                    )
(                                                                     )
(    Drawing          : 210112.brd                                    )
(    Software Version : 17.2P028                                      )
(    Date/Time        : Tue Jan 19 13:58:39 2021                      )
(                                                                     )
(---------------------------------------------------------------------)



 Autoplace C:/Users/PROCESSOR/Desktop/Justin/orcad_project/ORCAD_iot/allegro/210112.brd 
 Save as C:/Users/PROCESSOR/Desktop/Justin/orcad_project/ORCAD_iot/allegro/210112.brd 

 Will search while getting acceptable improvement
 Will not scale complete graph edges
 Start time Tue Jan 19 13:58:39 2021


 
 	 	 Placement Task Version 1.00 
 
 
 Algorithm  : IC
 Place within: board
 Map grid points to: library origin
 Place leftovers on bottom: YES
 Allow component overlap: NO
 Soft boundary: NO
 Cluster: NO
 No Rat: NO
 Remove TAG: NO
 Components at rotation of 0 degrees are weighted 50

 Components at rotation of 90 degrees are weighted 0

 Components at rotation of 180 degrees are weighted 0

 Components at rotation of 270 degrees are weighted 0

 Board direction of north is weighted 50

 Board direction of east is weighted 50

 Board direction of south is weighted 50

 Board direction of west is weighted 50

 Component mirroring weight is 50

 Component straightness weight is 50

 Warning: unplaced components are not PLACE TAGGED.

 Warning : Positive Plane may result in a poor placement

 Error: No Package Keepin was found

 Error: See message(s) above



Elapsed time:  0 hr 0 min 1 sec ( 0.00 hr)
Actual time of completion: Tue Jan 19 13:58:40 2021

